<?xml version="1.0" encoding="UTF-8"?>
<testsuite xmlns:xsi="http://www.w3.org/2001/XMLSchema-instance" xsi:noNamespaceSchemaLocation="https://maven.apache.org/surefire/maven-surefire-plugin/xsd/surefire-test-report.xsd" version="3.0.2" name="com.example.projectip.ProjectIpApplicationTests" time="7.076" tests="1" errors="0" skipped="0" failures="0">
  <properties>
[...]
</properties>
  <testcase name="contextLoads" classname="com.example.projectip.ProjectIpApplicationTests" time="2.006">
    <system-out><![CDATA[19:28:40.958 [main] INFO org.springframework.test.context.support.AnnotationConfigContextLoaderUtils -- Could not detect default configuration classes for test class [com.example.projectip.ProjectIpApplicationTests]: ProjectIpApplicationTests does not declare any static, non-private, non-final, nested classes annotated with @Configuration.
19:28:41.269 [main] INFO org.springframework.boot.test.context.SpringBootTestContextBootstrapper -- Found @SpringBootConfiguration com.example.projectip.ProjectIpApplication for test class com.example.projectip.ProjectIpApplicationTests
19:28:41.834 [main] INFO org.springframework.boot.devtools.restart.RestartApplicationListener -- Restart disabled due to context in which it is running

  .   ____          _            __ _ _
 /\\ / ___'_ __ _ _(_)_ __  __ _ \ \ \ \
( ( )\___ | '_ | '_| | '_ \/ _` | \ \ \ \
 \\/  ___)| |_)| | | | | || (_| |  ) ) ) )
  '  |____| .__|_| |_|_| |_\__, | / / / /
 =========|_|==============|___/=/_/_/_/

 :: Spring Boot ::                (v3.4.5)

2025-05-17T19:28:42.580+03:00  INFO 10682 --- [Project-IP] [           main] c.e.projectip.ProjectIpApplicationTests  : Starting ProjectIpApplicationTests using Java 21.0.7 with PID 10682 (started by stefania in /mnt/d/Uni/IP/Booking---Project/projectip)
2025-05-17T19:28:42.582+03:00  INFO 10682 --- [Project-IP] [           main] c.e.projectip.ProjectIpApplicationTests  : No active profile set, falling back to 1 default profile: "default"
2025-05-17T19:28:45.543+03:00  INFO 10682 --- [Project-IP] [           main] c.e.projectip.ProjectIpApplicationTests  : Started ProjectIpApplicationTests in 3.75 seconds (process running for 6.135)
]]></system-out>
    <system-err><![CDATA[Mockito is currently self-attaching to enable the inline-mock-maker. This will no longer work in future releases of the JDK. Please add Mockito as an agent to your build what is described in Mockito's documentation: https://javadoc.io/doc/org.mockito/mockito-core/latest/org/mockito/Mockito.html#0.3
WARNING: A Java agent has been loaded dynamically (/home/stefania/.m2/repository/net/bytebuddy/byte-buddy-agent/1.15.11/byte-buddy-agent-1.15.11.jar)
WARNING: If a serviceability tool is in use, please run with -XX:+EnableDynamicAgentLoading to hide this warning
WARNING: If a serviceability tool is not in use, please run with -Djdk.instrument.traceUsage for more information
WARNING: Dynamic loading of agents will be disallowed by default in a future release
]]></system-err>
  </testcase>
</testsuite>